# JRE version: OpenJDK Runtime Environment (8.0_181-b13) (build 1.8.0_181-8u181-b13-0ubuntu0.18.04.1-b13)
# Java VM: OpenJDK 64-Bit Server VM (25.181-b13 mixed mode linux-amd64 compressed oops)
Heap:
 PSYoungGen      total 226816K, used 23715K [0x00000000eb900000, 0x00000000fce80000, 0x0000000100000000)
  eden space 209920K, 6% used [0x00000000eb900000,0x00000000ec64dbc0,0x00000000f8600000)
  from space 16896K, 59% used [0x00000000f8600000,0x00000000f8fdb1a8,0x00000000f9680000)
  to   space 16384K, 0% used [0x00000000fbe80000,0x00000000fbe80000,0x00000000fce80000)
 ParOldGen       total 86016K, used 33120K [0x00000000c2a00000, 0x00000000c7e00000, 0x00000000eb900000)
  object space 86016K, 38% used [0x00000000c2a00000,0x00000000c4a580d8,0x00000000c7e00000)
 Metaspace       used 60326K, capacity 62754K, committed 62848K, reserved 1103872K
  class space    used 8141K, capacity 8576K, committed 8576K, reserved 1048576K
GC Heap History (10 events):
Event: 4,121 GC heap before
{Heap before GC invocations=14 (full 2):
 PSYoungGen      total 137728K, used 125440K [0x00000000eb900000, 0x00000000f7580000, 0x0000000100000000)
  eden space 125440K, 100% used [0x00000000eb900000,0x00000000f3380000,0x00000000f3380000)
  from space 12288K, 0% used [0x00000000f3380000,0x00000000f3380000,0x00000000f3f80000)
  to   space 12288K, 0% used [0x00000000f6980000,0x00000000f6980000,0x00000000f7580000)
 ParOldGen       total 61952K, used 22491K [0x00000000c2a00000, 0x00000000c6680000, 0x00000000eb900000)
  object space 61952K, 36% used [0x00000000c2a00000,0x00000000c3ff6db8,0x00000000c6680000)
 Metaspace       used 37493K, capacity 38930K, committed 39168K, reserved 1083392K
  class space    used 4971K, capacity 5251K, committed 5376K, reserved 1048576K
Event: 4,137 GC heap after
Heap after GC invocations=14 (full 2):
 PSYoungGen      total 176640K, used 12283K [0x00000000eb900000, 0x00000000f7a00000, 0x0000000100000000)
  eden space 164352K, 0% used [0x00000000eb900000,0x00000000eb900000,0x00000000f5980000)
  from space 12288K, 99% used [0x00000000f6980000,0x00000000f757efd0,0x00000000f7580000)
  to   space 16384K, 0% used [0x00000000f5980000,0x00000000f5980000,0x00000000f6980000)
 ParOldGen       total 61952K, used 29851K [0x00000000c2a00000, 0x00000000c6680000, 0x00000000eb900000)
  object space 61952K, 48% used [0x00000000c2a00000,0x00000000c4726f30,0x00000000c6680000)
 Metaspace       used 37493K, capacity 38930K, committed 39168K, reserved 1083392K
  class space    used 4971K, capacity 5251K, committed 5376K, reserved 1048576K
}
Event: 5,151 GC heap before
{Heap before GC invocations=15 (full 2):
 PSYoungGen      total 176640K, used 176635K [0x00000000eb900000, 0x00000000f7a00000, 0x0000000100000000)
  eden space 164352K, 100% used [0x00000000eb900000,0x00000000f5980000,0x00000000f5980000)
  from space 12288K, 99% used [0x00000000f6980000,0x00000000f757efd0,0x00000000f7580000)
  to   space 16384K, 0% used [0x00000000f5980000,0x00000000f5980000,0x00000000f6980000)
 ParOldGen       total 61952K, used 29851K [0x00000000c2a00000, 0x00000000c6680000, 0x00000000eb900000)
  object space 61952K, 48% used [0x00000000c2a00000,0x00000000c4726f30,0x00000000c6680000)
 Metaspace       used 47927K, capacity 49576K, committed 49792K, reserved 1091584K
  class space    used 6373K, capacity 6702K, committed 6784K, reserved 1048576K
Event: 5,166 GC heap after
Heap after GC invocations=15 (full 2):
 PSYoungGen      total 180736K, used 12596K [0x00000000eb900000, 0x00000000faa00000, 0x0000000100000000)
  eden space 164352K, 0% used [0x00000000eb900000,0x00000000eb900000,0x00000000f5980000)
  from space 16384K, 76% used [0x00000000f5980000,0x00000000f65cd330,0x00000000f6980000)
  to   space 17408K, 0% used [0x00000000f9900000,0x00000000f9900000,0x00000000faa00000)
 ParOldGen       total 61952K, used 31456K [0x00000000c2a00000, 0x00000000c6680000, 0x00000000eb900000)
  object space 61952K, 50% used [0x00000000c2a00000,0x00000000c48b82a8,0x00000000c6680000)
 Metaspace       used 47927K, capacity 49576K, committed 49792K, reserved 1091584K
  class space    used 6373K, capacity 6702K, committed 6784K, reserved 1048576K
}
Event: 5,905 GC heap before
{Heap before GC invocations=16 (full 2):
 PSYoungGen      total 180736K, used 137279K [0x00000000eb900000, 0x00000000faa00000, 0x0000000100000000)
  eden space 164352K, 75% used [0x00000000eb900000,0x00000000f32c29d8,0x00000000f5980000)
  from space 16384K, 76% used [0x00000000f5980000,0x00000000f65cd330,0x00000000f6980000)
  to   space 17408K, 0% used [0x00000000f9900000,0x00000000f9900000,0x00000000faa00000)
 ParOldGen       total 61952K, used 31456K [0x00000000c2a00000, 0x00000000c6680000, 0x00000000eb900000)
  object space 61952K, 50% used [0x00000000c2a00000,0x00000000c48b82a8,0x00000000c6680000)
 Metaspace       used 54054K, capacity 56172K, committed 56320K, reserved 1097728K
  class space    used 7257K, capacity 7658K, committed 7680K, reserved 1048576K
Event: 5,920 GC heap after
Heap after GC invocations=16 (full 2):
 PSYoungGen      total 224256K, used 8394K [0x00000000eb900000, 0x00000000fa700000, 0x0000000100000000)
  eden space 209920K, 0% used [0x00000000eb900000,0x00000000eb900000,0x00000000f8600000)
  from space 14336K, 58% used [0x00000000f9900000,0x00000000fa132900,0x00000000fa700000)
  to   space 16896K, 0% used [0x00000000f8600000,0x00000000f8600000,0x00000000f9680000)
 ParOldGen       total 61952K, used 36122K [0x00000000c2a00000, 0x00000000c6680000, 0x00000000eb900000)
  object space 61952K, 58% used [0x00000000c2a00000,0x00000000c4d46818,0x00000000c6680000)
 Metaspace       used 54054K, capacity 56172K, committed 56320K, reserved 1097728K
  class space    used 7257K, capacity 7658K, committed 7680K, reserved 1048576K
}
Event: 5,920 GC heap before
{Heap before GC invocations=17 (full 3):
 PSYoungGen      total 224256K, used 8394K [0x00000000eb900000, 0x00000000fa700000, 0x0000000100000000)
  eden space 209920K, 0% used [0x00000000eb900000,0x00000000eb900000,0x00000000f8600000)
  from space 14336K, 58% used [0x00000000f9900000,0x00000000fa132900,0x00000000fa700000)
  to   space 16896K, 0% used [0x00000000f8600000,0x00000000f8600000,0x00000000f9680000)
 ParOldGen       total 61952K, used 36122K [0x00000000c2a00000, 0x00000000c6680000, 0x00000000eb900000)
  object space 61952K, 58% used [0x00000000c2a00000,0x00000000c4d46818,0x00000000c6680000)
 Metaspace       used 54054K, capacity 56172K, committed 56320K, reserved 1097728K
  class space    used 7257K, capacity 7658K, committed 7680K, reserved 1048576K
Event: 6,097 GC heap after
Heap after GC invocations=17 (full 3):
 PSYoungGen      total 224256K, used 0K [0x00000000eb900000, 0x00000000fa700000, 0x0000000100000000)
  eden space 209920K, 0% used [0x00000000eb900000,0x00000000eb900000,0x00000000f8600000)
  from space 14336K, 0% used [0x00000000f9900000,0x00000000f9900000,0x00000000fa700000)
  to   space 16896K, 0% used [0x00000000f8600000,0x00000000f8600000,0x00000000f9680000)
 ParOldGen       total 86016K, used 33112K [0x00000000c2a00000, 0x00000000c7e00000, 0x00000000eb900000)
  object space 86016K, 38% used [0x00000000c2a00000,0x00000000c4a560d8,0x00000000c7e00000)
 Metaspace       used 54054K, capacity 56172K, committed 56320K, reserved 1097728K
  class space    used 7257K, capacity 7658K, committed 7680K, reserved 1048576K
}
Event: 11,215 GC heap before
{Heap before GC invocations=18 (full 3):
 PSYoungGen      total 224256K, used 209920K [0x00000000eb900000, 0x00000000fa700000, 0x0000000100000000)
  eden space 209920K, 100% used [0x00000000eb900000,0x00000000f8600000,0x00000000f8600000)
  from space 14336K, 0% used [0x00000000f9900000,0x00000000f9900000,0x00000000fa700000)
  to   space 16896K, 0% used [0x00000000f8600000,0x00000000f8600000,0x00000000f9680000)
 ParOldGen       total 86016K, used 33112K [0x00000000c2a00000, 0x00000000c7e00000, 0x00000000eb900000)
  object space 86016K, 38% used [0x00000000c2a00000,0x00000000c4a560d8,0x00000000c7e00000)
 Metaspace       used 59791K, capacity 62236K, committed 62336K, reserved 1103872K
  class space    used 8078K, capacity 8511K, committed 8576K, reserved 1048576K
Event: 11,229 GC heap after
Heap after GC invocations=18 (full 3):
 PSYoungGen      total 226816K, used 10092K [0x00000000eb900000, 0x00000000fce80000, 0x0000000100000000)
  eden space 209920K, 0% used [0x00000000eb900000,0x00000000eb900000,0x00000000f8600000)
  from space 16896K, 59% used [0x00000000f8600000,0x00000000f8fdb1a8,0x00000000f9680000)
  to   space 16384K, 0% used [0x00000000fbe80000,0x00000000fbe80000,0x00000000fce80000)
 ParOldGen       total 86016K, used 33120K [0x00000000c2a00000, 0x00000000c7e00000, 0x00000000eb900000)
  object space 86016K, 38% used [0x00000000c2a00000,0x00000000c4a580d8,0x00000000c7e00000)
 Metaspace       used 59791K, capacity 62236K, committed 62336K, reserved 1103872K
  class space    used 8078K, capacity 8511K, committed 8576K, reserved 1048576K
}

