# JRE version: OpenJDK Runtime Environment (8.0_191-b12) (build 1.8.0_191-8u191-b12-0ubuntu0.18.04.1-b12)
# Java VM: OpenJDK 64-Bit Server VM (25.191-b12 mixed mode linux-amd64 compressed oops)
Heap:
 PSYoungGen      total 133632K, used 132669K [0x00000000eb900000, 0x00000000f5e00000, 0x0000000100000000)
  eden space 121856K, 100% used [0x00000000eb900000,0x00000000f3000000,0x00000000f3000000)
  from space 11776K, 91% used [0x00000000f3000000,0x00000000f3a8f5f8,0x00000000f3b80000)
  to   space 13312K, 48% used [0x00000000f5100000,0x00000000f575de18,0x00000000f5e00000)
 ParOldGen       total 73728K, used 33845K [0x00000000c2a00000, 0x00000000c7200000, 0x00000000eb900000)
  object space 73728K, 45% used [0x00000000c2a00000,0x00000000c4b0d4d8,0x00000000c7200000)
 Metaspace       used 46388K, capacity 47977K, committed 48256K, reserved 1091584K
  class space    used 6188K, capacity 6511K, committed 6528K, reserved 1048576K
GC Heap History (10 events):
Event: 9,552 GC heap after
Heap after GC invocations=15 (full 1):
 PSYoungGen      total 94720K, used 1728K [0x00000000eb900000, 0x00000000f1e00000, 0x0000000100000000)
  eden space 87552K, 0% used [0x00000000eb900000,0x00000000eb900000,0x00000000f0e80000)
  from space 7168K, 24% used [0x00000000f1580000,0x00000000f1730090,0x00000000f1c80000)
  to   space 7168K, 0% used [0x00000000f0e80000,0x00000000f0e80000,0x00000000f1580000)
 ParOldGen       total 32256K, used 19340K [0x00000000c2a00000, 0x00000000c4980000, 0x00000000eb900000)
  object space 32256K, 59% used [0x00000000c2a00000,0x00000000c3ce3368,0x00000000c4980000)
 Metaspace       used 29823K, capacity 31205K, committed 31488K, reserved 1077248K
  class space    used 3931K, capacity 4237K, committed 4352K, reserved 1048576K
}
Event: 10,398 GC heap before
{Heap before GC invocations=16 (full 1):
 PSYoungGen      total 94720K, used 89280K [0x00000000eb900000, 0x00000000f1e00000, 0x0000000100000000)
  eden space 87552K, 100% used [0x00000000eb900000,0x00000000f0e80000,0x00000000f0e80000)
  from space 7168K, 24% used [0x00000000f1580000,0x00000000f1730090,0x00000000f1c80000)
  to   space 7168K, 0% used [0x00000000f0e80000,0x00000000f0e80000,0x00000000f1580000)
 ParOldGen       total 32256K, used 19340K [0x00000000c2a00000, 0x00000000c4980000, 0x00000000eb900000)
  object space 32256K, 59% used [0x00000000c2a00000,0x00000000c3ce3368,0x00000000c4980000)
 Metaspace       used 31010K, capacity 32459K, committed 32640K, reserved 1077248K
  class space    used 4094K, capacity 4396K, committed 4480K, reserved 1048576K
Event: 10,405 GC heap after
Heap after GC invocations=16 (full 1):
 PSYoungGen      total 94720K, used 4978K [0x00000000eb900000, 0x00000000f4280000, 0x0000000100000000)
  eden space 87552K, 0% used [0x00000000eb900000,0x00000000eb900000,0x00000000f0e80000)
  from space 7168K, 69% used [0x00000000f0e80000,0x00000000f135cb58,0x00000000f1580000)
  to   space 7168K, 0% used [0x00000000f3b80000,0x00000000f3b80000,0x00000000f4280000)
 ParOldGen       total 32256K, used 20371K [0x00000000c2a00000, 0x00000000c4980000, 0x00000000eb900000)
  object space 32256K, 63% used [0x00000000c2a00000,0x00000000c3de4eb8,0x00000000c4980000)
 Metaspace       used 31010K, capacity 32459K, committed 32640K, reserved 1077248K
  class space    used 4094K, capacity 4396K, committed 4480K, reserved 1048576K
}
Event: 11,180 GC heap before
{Heap before GC invocations=17 (full 1):
 PSYoungGen      total 94720K, used 92530K [0x00000000eb900000, 0x00000000f4280000, 0x0000000100000000)
  eden space 87552K, 100% used [0x00000000eb900000,0x00000000f0e80000,0x00000000f0e80000)
  from space 7168K, 69% used [0x00000000f0e80000,0x00000000f135cb58,0x00000000f1580000)
  to   space 7168K, 0% used [0x00000000f3b80000,0x00000000f3b80000,0x00000000f4280000)
 ParOldGen       total 32256K, used 20371K [0x00000000c2a00000, 0x00000000c4980000, 0x00000000eb900000)
  object space 32256K, 63% used [0x00000000c2a00000,0x00000000c3de4eb8,0x00000000c4980000)
 Metaspace       used 32106K, capacity 33611K, committed 33792K, reserved 1079296K
  class space    used 4219K, capacity 4524K, committed 4608K, reserved 1048576K
Event: 11,194 GC heap after
Heap after GC invocations=17 (full 1):
 PSYoungGen      total 129024K, used 7146K [0x00000000eb900000, 0x00000000f4c00000, 0x0000000100000000)
  eden space 121856K, 0% used [0x00000000eb900000,0x00000000eb900000,0x00000000f3000000)
  from space 7168K, 99% used [0x00000000f3b80000,0x00000000f427a960,0x00000000f4280000)
  to   space 11776K, 0% used [0x00000000f3000000,0x00000000f3000000,0x00000000f3b80000)
 ParOldGen       total 32256K, used 30352K [0x00000000c2a00000, 0x00000000c4980000, 0x00000000eb900000)
  object space 32256K, 94% used [0x00000000c2a00000,0x00000000c47a4230,0x00000000c4980000)
 Metaspace       used 32106K, capacity 33611K, committed 33792K, reserved 1079296K
  class space    used 4219K, capacity 4524K, committed 4608K, reserved 1048576K
}
Event: 11,194 GC heap before
{Heap before GC invocations=18 (full 2):
 PSYoungGen      total 129024K, used 7146K [0x00000000eb900000, 0x00000000f4c00000, 0x0000000100000000)
  eden space 121856K, 0% used [0x00000000eb900000,0x00000000eb900000,0x00000000f3000000)
  from space 7168K, 99% used [0x00000000f3b80000,0x00000000f427a960,0x00000000f4280000)
  to   space 11776K, 0% used [0x00000000f3000000,0x00000000f3000000,0x00000000f3b80000)
 ParOldGen       total 32256K, used 30352K [0x00000000c2a00000, 0x00000000c4980000, 0x00000000eb900000)
  object space 32256K, 94% used [0x00000000c2a00000,0x00000000c47a4230,0x00000000c4980000)
 Metaspace       used 32106K, capacity 33611K, committed 33792K, reserved 1079296K
  class space    used 4219K, capacity 4524K, committed 4608K, reserved 1048576K
Event: 11,426 GC heap after
Heap after GC invocations=18 (full 2):
 PSYoungGen      total 129024K, used 2022K [0x00000000eb900000, 0x00000000f4c00000, 0x0000000100000000)
  eden space 121856K, 0% used [0x00000000eb900000,0x00000000eb900000,0x00000000f3000000)
  from space 7168K, 28% used [0x00000000f3b80000,0x00000000f3d798b0,0x00000000f4280000)
  to   space 11776K, 0% used [0x00000000f3000000,0x00000000f3000000,0x00000000f3b80000)
 ParOldGen       total 73728K, used 31781K [0x00000000c2a00000, 0x00000000c7200000, 0x00000000eb900000)
  object space 73728K, 43% used [0x00000000c2a00000,0x00000000c49094d8,0x00000000c7200000)
 Metaspace       used 32106K, capacity 33611K, committed 33792K, reserved 1079296K
  class space    used 4219K, capacity 4524K, committed 4608K, reserved 1048576K
}
Event: 12,075 GC heap before
{Heap before GC invocations=19 (full 2):
 PSYoungGen      total 129024K, used 123878K [0x00000000eb900000, 0x00000000f4c00000, 0x0000000100000000)
  eden space 121856K, 100% used [0x00000000eb900000,0x00000000f3000000,0x00000000f3000000)
  from space 7168K, 28% used [0x00000000f3b80000,0x00000000f3d798b0,0x00000000f4280000)
  to   space 11776K, 0% used [0x00000000f3000000,0x00000000f3000000,0x00000000f3b80000)
 ParOldGen       total 73728K, used 31781K [0x00000000c2a00000, 0x00000000c7200000, 0x00000000eb900000)
  object space 73728K, 43% used [0x00000000c2a00000,0x00000000c49094d8,0x00000000c7200000)
 Metaspace       used 37166K, capacity 38603K, committed 38784K, reserved 1083392K
  class space    used 4943K, capacity 5228K, committed 5248K, reserved 1048576K
Event: 12,091 GC heap after
Heap after GC invocations=19 (full 2):
 PSYoungGen      total 133632K, used 10813K [0x00000000eb900000, 0x00000000f5e00000, 0x0000000100000000)
  eden space 121856K, 0% used [0x00000000eb900000,0x00000000eb900000,0x00000000f3000000)
  from space 11776K, 91% used [0x00000000f3000000,0x00000000f3a8f5f8,0x00000000f3b80000)
  to   space 13312K, 0% used [0x00000000f5100000,0x00000000f5100000,0x00000000f5e00000)
 ParOldGen       total 73728K, used 33837K [0x00000000c2a00000, 0x00000000c7200000, 0x00000000eb900000)
  object space 73728K, 45% used [0x00000000c2a00000,0x00000000c4b0b4d8,0x00000000c7200000)
 Metaspace       used 37166K, capacity 38603K, committed 38784K, reserved 1083392K
  class space    used 4943K, capacity 5228K, committed 5248K, reserved 1048576K
}
Event: 14,422 GC heap before
{Heap before GC invocations=20 (full 2):
 PSYoungGen      total 133632K, used 132669K [0x00000000eb900000, 0x00000000f5e00000, 0x0000000100000000)
  eden space 121856K, 100% used [0x00000000eb900000,0x00000000f3000000,0x00000000f3000000)
  from space 11776K, 91% used [0x00000000f3000000,0x00000000f3a8f5f8,0x00000000f3b80000)
  to   space 13312K, 0% used [0x00000000f5100000,0x00000000f5100000,0x00000000f5e00000)
 ParOldGen       total 73728K, used 33837K [0x00000000c2a00000, 0x00000000c7200000, 0x00000000eb900000)
  object space 73728K, 45% used [0x00000000c2a00000,0x00000000c4b0b4d8,0x00000000c7200000)
 Metaspace       used 46388K, capacity 47977K, committed 48256K, reserved 1091584K
  class space    used 6188K, capacity 6511K, committed 6528K, reserved 1048576K

