# JRE version: OpenJDK Runtime Environment (8.0_191-b12) (build 1.8.0_191-8u191-b12-0ubuntu0.18.04.1-b12)
# Java VM: OpenJDK 64-Bit Server VM (25.191-b12 mixed mode linux-amd64 compressed oops)
Heap:
 PSYoungGen      total 146432K, used 135522K [0x00000000eb900000, 0x00000000f7580000, 0x0000000100000000)
  eden space 127488K, 100% used [0x00000000eb900000,0x00000000f3580000,0x00000000f3580000)
  from space 18944K, 42% used [0x00000000f3580000,0x00000000f3d58b40,0x00000000f4800000)
  to   space 17920K, 36% used [0x00000000f6400000,0x00000000f6a5e170,0x00000000f7580000)
 ParOldGen       total 84480K, used 35913K [0x00000000c2a00000, 0x00000000c7c80000, 0x00000000eb900000)
  object space 84480K, 42% used [0x00000000c2a00000,0x00000000c4d12478,0x00000000c7c80000)
 Metaspace       used 49351K, capacity 50980K, committed 51328K, reserved 1093632K
  class space    used 6583K, capacity 6914K, committed 7040K, reserved 1048576K
GC Heap History (10 events):
Event: 2,562 GC heap after
Heap after GC invocations=11 (full 1):
 PSYoungGen      total 118784K, used 5640K [0x00000000eb900000, 0x00000000f3c00000, 0x0000000100000000)
  eden space 105984K, 0% used [0x00000000eb900000,0x00000000eb900000,0x00000000f2080000)
  from space 12800K, 44% used [0x00000000f2c80000,0x00000000f32021c8,0x00000000f3900000)
  to   space 12288K, 0% used [0x00000000f2080000,0x00000000f2080000,0x00000000f2c80000)
 ParOldGen       total 36352K, used 21507K [0x00000000c2a00000, 0x00000000c4d80000, 0x00000000eb900000)
  object space 36352K, 59% used [0x00000000c2a00000,0x00000000c3f00fc0,0x00000000c4d80000)
 Metaspace       used 29796K, capacity 31202K, committed 31488K, reserved 1077248K
  class space    used 3933K, capacity 4237K, committed 4352K, reserved 1048576K
}
Event: 2,976 GC heap before
{Heap before GC invocations=12 (full 1):
 PSYoungGen      total 118784K, used 111624K [0x00000000eb900000, 0x00000000f3c00000, 0x0000000100000000)
  eden space 105984K, 100% used [0x00000000eb900000,0x00000000f2080000,0x00000000f2080000)
  from space 12800K, 44% used [0x00000000f2c80000,0x00000000f32021c8,0x00000000f3900000)
  to   space 12288K, 0% used [0x00000000f2080000,0x00000000f2080000,0x00000000f2c80000)
 ParOldGen       total 36352K, used 21507K [0x00000000c2a00000, 0x00000000c4d80000, 0x00000000eb900000)
  object space 36352K, 59% used [0x00000000c2a00000,0x00000000c3f00fc0,0x00000000c4d80000)
 Metaspace       used 31229K, capacity 32744K, committed 32896K, reserved 1077248K
  class space    used 4124K, capacity 4428K, committed 4480K, reserved 1048576K
Event: 2,986 GC heap after
Heap after GC invocations=12 (full 1):
 PSYoungGen      total 118272K, used 10031K [0x00000000eb900000, 0x00000000f5480000, 0x0000000100000000)
  eden space 105984K, 0% used [0x00000000eb900000,0x00000000eb900000,0x00000000f2080000)
  from space 12288K, 81% used [0x00000000f2080000,0x00000000f2a4bd28,0x00000000f2c80000)
  to   space 12800K, 0% used [0x00000000f4800000,0x00000000f4800000,0x00000000f5480000)
 ParOldGen       total 36352K, used 21515K [0x00000000c2a00000, 0x00000000c4d80000, 0x00000000eb900000)
  object space 36352K, 59% used [0x00000000c2a00000,0x00000000c3f02fc0,0x00000000c4d80000)
 Metaspace       used 31229K, capacity 32744K, committed 32896K, reserved 1077248K
  class space    used 4124K, capacity 4428K, committed 4480K, reserved 1048576K
}
Event: 3,470 GC heap before
{Heap before GC invocations=13 (full 1):
 PSYoungGen      total 118272K, used 116015K [0x00000000eb900000, 0x00000000f5480000, 0x0000000100000000)
  eden space 105984K, 100% used [0x00000000eb900000,0x00000000f2080000,0x00000000f2080000)
  from space 12288K, 81% used [0x00000000f2080000,0x00000000f2a4bd28,0x00000000f2c80000)
  to   space 12800K, 0% used [0x00000000f4800000,0x00000000f4800000,0x00000000f5480000)
 ParOldGen       total 36352K, used 21515K [0x00000000c2a00000, 0x00000000c4d80000, 0x00000000eb900000)
  object space 36352K, 59% used [0x00000000c2a00000,0x00000000c3f02fc0,0x00000000c4d80000)
 Metaspace       used 33673K, capacity 35144K, committed 35200K, reserved 1079296K
  class space    used 4423K, capacity 4716K, committed 4736K, reserved 1048576K
Event: 3,490 GC heap after
Heap after GC invocations=13 (full 1):
 PSYoungGen      total 140288K, used 12797K [0x00000000eb900000, 0x00000000f6080000, 0x0000000100000000)
  eden space 127488K, 0% used [0x00000000eb900000,0x00000000eb900000,0x00000000f3580000)
  from space 12800K, 99% used [0x00000000f4800000,0x00000000f547f478,0x00000000f5480000)
  to   space 18944K, 0% used [0x00000000f3580000,0x00000000f3580000,0x00000000f4800000)
 ParOldGen       total 36352K, used 32741K [0x00000000c2a00000, 0x00000000c4d80000, 0x00000000eb900000)
  object space 36352K, 90% used [0x00000000c2a00000,0x00000000c49f94b0,0x00000000c4d80000)
 Metaspace       used 33673K, capacity 35144K, committed 35200K, reserved 1079296K
  class space    used 4423K, capacity 4716K, committed 4736K, reserved 1048576K
}
Event: 3,490 GC heap before
{Heap before GC invocations=14 (full 2):
 PSYoungGen      total 140288K, used 12797K [0x00000000eb900000, 0x00000000f6080000, 0x0000000100000000)
  eden space 127488K, 0% used [0x00000000eb900000,0x00000000eb900000,0x00000000f3580000)
  from space 12800K, 99% used [0x00000000f4800000,0x00000000f547f478,0x00000000f5480000)
  to   space 18944K, 0% used [0x00000000f3580000,0x00000000f3580000,0x00000000f4800000)
 ParOldGen       total 36352K, used 32741K [0x00000000c2a00000, 0x00000000c4d80000, 0x00000000eb900000)
  object space 36352K, 90% used [0x00000000c2a00000,0x00000000c49f94b0,0x00000000c4d80000)
 Metaspace       used 33673K, capacity 35144K, committed 35200K, reserved 1079296K
  class space    used 4423K, capacity 4716K, committed 4736K, reserved 1048576K
Event: 3,624 GC heap after
Heap after GC invocations=14 (full 2):
 PSYoungGen      total 140288K, used 0K [0x00000000eb900000, 0x00000000f6080000, 0x0000000100000000)
  eden space 127488K, 0% used [0x00000000eb900000,0x00000000eb900000,0x00000000f3580000)
  from space 12800K, 0% used [0x00000000f4800000,0x00000000f4800000,0x00000000f5480000)
  to   space 18944K, 0% used [0x00000000f3580000,0x00000000f3580000,0x00000000f4800000)
 ParOldGen       total 84480K, used 35897K [0x00000000c2a00000, 0x00000000c7c80000, 0x00000000eb900000)
  object space 84480K, 42% used [0x00000000c2a00000,0x00000000c4d0e478,0x00000000c7c80000)
 Metaspace       used 33673K, capacity 35144K, committed 35200K, reserved 1079296K
  class space    used 4423K, capacity 4716K, committed 4736K, reserved 1048576K
}
Event: 4,325 GC heap before
{Heap before GC invocations=15 (full 2):
 PSYoungGen      total 140288K, used 127488K [0x00000000eb900000, 0x00000000f6080000, 0x0000000100000000)
  eden space 127488K, 100% used [0x00000000eb900000,0x00000000f3580000,0x00000000f3580000)
  from space 12800K, 0% used [0x00000000f4800000,0x00000000f4800000,0x00000000f5480000)
  to   space 18944K, 0% used [0x00000000f3580000,0x00000000f3580000,0x00000000f4800000)
 ParOldGen       total 84480K, used 35897K [0x00000000c2a00000, 0x00000000c7c80000, 0x00000000eb900000)
  object space 84480K, 42% used [0x00000000c2a00000,0x00000000c4d0e478,0x00000000c7c80000)
 Metaspace       used 40225K, capacity 41808K, committed 41984K, reserved 1085440K
  class space    used 5276K, capacity 5594K, committed 5632K, reserved 1048576K
Event: 4,340 GC heap after
Heap after GC invocations=15 (full 2):
 PSYoungGen      total 146432K, used 8034K [0x00000000eb900000, 0x00000000f7580000, 0x0000000100000000)
  eden space 127488K, 0% used [0x00000000eb900000,0x00000000eb900000,0x00000000f3580000)
  from space 18944K, 42% used [0x00000000f3580000,0x00000000f3d58b40,0x00000000f4800000)
  to   space 17920K, 0% used [0x00000000f6400000,0x00000000f6400000,0x00000000f7580000)
 ParOldGen       total 84480K, used 35905K [0x00000000c2a00000, 0x00000000c7c80000, 0x00000000eb900000)
  object space 84480K, 42% used [0x00000000c2a00000,0x00000000c4d10478,0x00000000c7c80000)
 Metaspace       used 40225K, capacity 41808K, committed 41984K, reserved 1085440K
  class space    used 5276K, capacity 5594K, committed 5632K, reserved 1048576K
}
Event: 5,346 GC heap before
{Heap before GC invocations=16 (full 2):
 PSYoungGen      total 146432K, used 135522K [0x00000000eb900000, 0x00000000f7580000, 0x0000000100000000)
  eden space 127488K, 100% used [0x00000000eb900000,0x00000000f3580000,0x00000000f3580000)
  from space 18944K, 42% used [0x00000000f3580000,0x00000000f3d58b40,0x00000000f4800000)
  to   space 17920K, 0% used [0x00000000f6400000,0x00000000f6400000,0x00000000f7580000)
 ParOldGen       total 84480K, used 35905K [0x00000000c2a00000, 0x00000000c7c80000, 0x00000000eb900000)
  object space 84480K, 42% used [0x00000000c2a00000,0x00000000c4d10478,0x00000000c7c80000)
 Metaspace       used 49351K, capacity 50980K, committed 51328K, reserved 1093632K
  class space    used 6583K, capacity 6914K, committed 7040K, reserved 1048576K

