# JRE version: OpenJDK Runtime Environment (8.0_181-b13) (build 1.8.0_181-8u181-b13-0ubuntu0.18.04.1-b13)
# Java VM: OpenJDK 64-Bit Server VM (25.181-b13 mixed mode linux-amd64 compressed oops)
Heap:
 PSYoungGen      total 215040K, used 15645K [0x00000000eb900000, 0x00000000fc700000, 0x0000000100000000)
  eden space 196608K, 0% used [0x00000000eb900000,0x00000000eb900000,0x00000000f7900000)
  from space 18432K, 84% used [0x00000000f7900000,0x00000000f8847720,0x00000000f8b00000)
  to   space 20480K, 0% used [0x00000000fb300000,0x00000000fb300000,0x00000000fc700000)
 ParOldGen       total 76288K, used 35029K [0x00000000c2a00000, 0x00000000c7480000, 0x00000000eb900000)
  object space 76288K, 45% used [0x00000000c2a00000,0x00000000c4c357c0,0x00000000c7480000)
 Metaspace       used 56836K, capacity 59046K, committed 59160K, reserved 1099776K
  class space    used 7599K, capacity 8027K, committed 8112K, reserved 1048576K
GC Heap History (10 events):
Event: 4,296 GC heap after
Heap after GC invocations=13 (full 1):
 PSYoungGen      total 171008K, used 12268K [0x00000000eb900000, 0x00000000f7a80000, 0x0000000100000000)
  eden space 158720K, 0% used [0x00000000eb900000,0x00000000eb900000,0x00000000f5400000)
  from space 12288K, 99% used [0x00000000f6400000,0x00000000f6ffb0c0,0x00000000f7000000)
  to   space 16384K, 0% used [0x00000000f5400000,0x00000000f5400000,0x00000000f6400000)
 ParOldGen       total 33792K, used 33494K [0x00000000c2a00000, 0x00000000c4b00000, 0x00000000eb900000)
  object space 33792K, 99% used [0x00000000c2a00000,0x00000000c4ab5958,0x00000000c4b00000)
 Metaspace       used 33934K, capacity 35372K, committed 35496K, reserved 1079296K
  class space    used 4447K, capacity 4748K, committed 4784K, reserved 1048576K
}
Event: 4,296 GC heap before
{Heap before GC invocations=14 (full 2):
 PSYoungGen      total 171008K, used 12268K [0x00000000eb900000, 0x00000000f7a80000, 0x0000000100000000)
  eden space 158720K, 0% used [0x00000000eb900000,0x00000000eb900000,0x00000000f5400000)
  from space 12288K, 99% used [0x00000000f6400000,0x00000000f6ffb0c0,0x00000000f7000000)
  to   space 16384K, 0% used [0x00000000f5400000,0x00000000f5400000,0x00000000f6400000)
 ParOldGen       total 33792K, used 33494K [0x00000000c2a00000, 0x00000000c4b00000, 0x00000000eb900000)
  object space 33792K, 99% used [0x00000000c2a00000,0x00000000c4ab5958,0x00000000c4b00000)
 Metaspace       used 33934K, capacity 35372K, committed 35496K, reserved 1079296K
  class space    used 4447K, capacity 4748K, committed 4784K, reserved 1048576K
Event: 4,515 GC heap after
Heap after GC invocations=14 (full 2):
 PSYoungGen      total 171008K, used 2362K [0x00000000eb900000, 0x00000000f7a80000, 0x0000000100000000)
  eden space 158720K, 0% used [0x00000000eb900000,0x00000000eb900000,0x00000000f5400000)
  from space 12288K, 19% used [0x00000000f6400000,0x00000000f664e900,0x00000000f7000000)
  to   space 16384K, 0% used [0x00000000f5400000,0x00000000f5400000,0x00000000f6400000)
 ParOldGen       total 76288K, used 33562K [0x00000000c2a00000, 0x00000000c7480000, 0x00000000eb900000)
  object space 76288K, 43% used [0x00000000c2a00000,0x00000000c4ac6930,0x00000000c7480000)
 Metaspace       used 33934K, capacity 35372K, committed 35496K, reserved 1079296K
  class space    used 4447K, capacity 4748K, committed 4784K, reserved 1048576K
}
Event: 5,580 GC heap before
{Heap before GC invocations=15 (full 2):
 PSYoungGen      total 171008K, used 161082K [0x00000000eb900000, 0x00000000f7a80000, 0x0000000100000000)
  eden space 158720K, 100% used [0x00000000eb900000,0x00000000f5400000,0x00000000f5400000)
  from space 12288K, 19% used [0x00000000f6400000,0x00000000f664e900,0x00000000f7000000)
  to   space 16384K, 0% used [0x00000000f5400000,0x00000000f5400000,0x00000000f6400000)
 ParOldGen       total 76288K, used 33562K [0x00000000c2a00000, 0x00000000c7480000, 0x00000000eb900000)
  object space 76288K, 43% used [0x00000000c2a00000,0x00000000c4ac6930,0x00000000c7480000)
 Metaspace       used 42532K, capacity 44150K, committed 44456K, reserved 1087488K
  class space    used 5616K, capacity 5959K, committed 6064K, reserved 1048576K
Event: 5,603 GC heap after
Heap after GC invocations=15 (full 2):
 PSYoungGen      total 175104K, used 10879K [0x00000000eb900000, 0x00000000f9e00000, 0x0000000100000000)
  eden space 158720K, 0% used [0x00000000eb900000,0x00000000eb900000,0x00000000f5400000)
  from space 16384K, 66% used [0x00000000f5400000,0x00000000f5e9fc40,0x00000000f6400000)
  to   space 16896K, 0% used [0x00000000f8d80000,0x00000000f8d80000,0x00000000f9e00000)
 ParOldGen       total 76288K, used 35005K [0x00000000c2a00000, 0x00000000c7480000, 0x00000000eb900000)
  object space 76288K, 45% used [0x00000000c2a00000,0x00000000c4c2f7b0,0x00000000c7480000)
 Metaspace       used 42532K, capacity 44150K, committed 44456K, reserved 1087488K
  class space    used 5616K, capacity 5959K, committed 6064K, reserved 1048576K
}
Event: 12,696 GC heap before
{Heap before GC invocations=16 (full 2):
 PSYoungGen      total 175104K, used 169599K [0x00000000eb900000, 0x00000000f9e00000, 0x0000000100000000)
  eden space 158720K, 100% used [0x00000000eb900000,0x00000000f5400000,0x00000000f5400000)
  from space 16384K, 66% used [0x00000000f5400000,0x00000000f5e9fc40,0x00000000f6400000)
  to   space 16896K, 0% used [0x00000000f8d80000,0x00000000f8d80000,0x00000000f9e00000)
 ParOldGen       total 76288K, used 35005K [0x00000000c2a00000, 0x00000000c7480000, 0x00000000eb900000)
  object space 76288K, 45% used [0x00000000c2a00000,0x00000000c4c2f7b0,0x00000000c7480000)
 Metaspace       used 51615K, capacity 53596K, committed 53672K, reserved 1095680K
  class space    used 6905K, capacity 7300K, committed 7344K, reserved 1048576K
Event: 12,732 GC heap after
Heap after GC invocations=16 (full 2):
 PSYoungGen      total 210944K, used 15538K [0x00000000eb900000, 0x00000000f9d00000, 0x0000000100000000)
  eden space 195072K, 0% used [0x00000000eb900000,0x00000000eb900000,0x00000000f7780000)
  from space 15872K, 97% used [0x00000000f8d80000,0x00000000f9cac920,0x00000000f9d00000)
  to   space 18432K, 0% used [0x00000000f7900000,0x00000000f7900000,0x00000000f8b00000)
 ParOldGen       total 76288K, used 35021K [0x00000000c2a00000, 0x00000000c7480000, 0x00000000eb900000)
  object space 76288K, 45% used [0x00000000c2a00000,0x00000000c4c337c0,0x00000000c7480000)
 Metaspace       used 51615K, capacity 53596K, committed 53672K, reserved 1095680K
  class space    used 6905K, capacity 7300K, committed 7344K, reserved 1048576K
}
Event: 15,111 GC heap before
{Heap before GC invocations=17 (full 2):
 PSYoungGen      total 210944K, used 128514K [0x00000000eb900000, 0x00000000f9d00000, 0x0000000100000000)
  eden space 195072K, 57% used [0x00000000eb900000,0x00000000f2753f60,0x00000000f7780000)
  from space 15872K, 97% used [0x00000000f8d80000,0x00000000f9cac920,0x00000000f9d00000)
  to   space 18432K, 0% used [0x00000000f7900000,0x00000000f7900000,0x00000000f8b00000)
 ParOldGen       total 76288K, used 35021K [0x00000000c2a00000, 0x00000000c7480000, 0x00000000eb900000)
  object space 76288K, 45% used [0x00000000c2a00000,0x00000000c4c337c0,0x00000000c7480000)
 Metaspace       used 56836K, capacity 59046K, committed 59160K, reserved 1099776K
  class space    used 7599K, capacity 8027K, committed 8112K, reserved 1048576K
Event: 15,142 GC heap after
Heap after GC invocations=17 (full 2):
 PSYoungGen      total 215040K, used 15645K [0x00000000eb900000, 0x00000000fc700000, 0x0000000100000000)
  eden space 196608K, 0% used [0x00000000eb900000,0x00000000eb900000,0x00000000f7900000)
  from space 18432K, 84% used [0x00000000f7900000,0x00000000f8847720,0x00000000f8b00000)
  to   space 20480K, 0% used [0x00000000fb300000,0x00000000fb300000,0x00000000fc700000)
 ParOldGen       total 76288K, used 35029K [0x00000000c2a00000, 0x00000000c7480000, 0x00000000eb900000)
  object space 76288K, 45% used [0x00000000c2a00000,0x00000000c4c357c0,0x00000000c7480000)
 Metaspace       used 56836K, capacity 59046K, committed 59160K, reserved 1099776K
  class space    used 7599K, capacity 8027K, committed 8112K, reserved 1048576K
}
Event: 15,142 GC heap before
{Heap before GC invocations=18 (full 3):
 PSYoungGen      total 215040K, used 15645K [0x00000000eb900000, 0x00000000fc700000, 0x0000000100000000)
  eden space 196608K, 0% used [0x00000000eb900000,0x00000000eb900000,0x00000000f7900000)
  from space 18432K, 84% used [0x00000000f7900000,0x00000000f8847720,0x00000000f8b00000)
  to   space 20480K, 0% used [0x00000000fb300000,0x00000000fb300000,0x00000000fc700000)
 ParOldGen       total 76288K, used 35029K [0x00000000c2a00000, 0x00000000c7480000, 0x00000000eb900000)
  object space 76288K, 45% used [0x00000000c2a00000,0x00000000c4c357c0,0x00000000c7480000)
 Metaspace       used 56836K, capacity 59046K, committed 59160K, reserved 1099776K
  class space    used 7599K, capacity 8027K, committed 8112K, reserved 1048576K

